13/10/2020 18:11:55 
Pose in the world is [[ 17.61778817]
 [-48.81480533]
 [239.84349887]]

13/10/2020 18:11:56 
Pose in the world is [[ 10.22242498]
 [-55.44706509]
 [232.43563538]]

13/10/2020 18:11:56 
Pose in the world is [[  4.53580814]
 [-62.09426117]
 [224.12726066]]

13/10/2020 18:12:02 
Pose in the world is [[ -9.50239697]
 [-71.85711618]
 [200.00411754]]

13/10/2020 18:13:39 
Pose in the world is [[-18.93541585]
 [-35.14335431]
 [236.07698804]]

13/10/2020 18:13:43 
Pose in the world is [[-11.84744046]
 [-59.57663684]
 [235.76942634]]

13/10/2020 18:13:43 
Pose in the world is [[ -6.77754281]
 [-62.75009555]
 [235.93709732]]

13/10/2020 18:13:44 
Pose in the world is [[ -4.63304455]
 [-68.80853889]
 [227.99969437]]

13/10/2020 18:13:44 
Pose in the world is [[ -4.63429269]
 [-70.7527831 ]
 [223.14008726]]

13/10/2020 18:13:44 
Pose in the world is [[  7.62222185]
 [-75.8908251 ]
 [226.77792411]]

13/10/2020 18:13:45 
Pose in the world is [[  7.20563581]
 [-76.68917376]
 [227.0759089 ]]

13/10/2020 18:14:12 
Pose in the world is [[  7.22105487]
 [-74.43065186]
 [244.45952832]]

13/10/2020 18:14:13 
Pose in the world is [[ 32.38301483]
 [-58.58998505]
 [263.54649769]]

13/10/2020 18:14:13 
Pose in the world is [[ 42.53364964]
 [-57.6155012 ]
 [268.02347092]]

13/10/2020 18:14:14 
Pose in the world is [[ 34.36208105]
 [-53.87329393]
 [267.24301221]]

13/10/2020 18:14:14 
Pose in the world is [[ 25.85026334]
 [-73.43993726]
 [250.28488397]]

13/10/2020 18:14:16 
Pose in the world is [[  5.39352886]
 [-82.24600032]
 [233.01243568]]

13/10/2020 18:14:16 
Pose in the world is [[ 46.28087718]
 [-63.89903262]
 [262.78099719]]

13/10/2020 18:14:17 
Pose in the world is [[ 14.11780062]
 [-87.65982801]
 [223.1673142 ]]

13/10/2020 18:14:17 
Pose in the world is [[  52.32601388]
 [-143.78098343]
 [ 130.31450019]]

13/10/2020 18:14:17 
Pose in the world is [[ 19.61943925]
 [-77.59277932]
 [240.19972426]]

13/10/2020 18:14:21 
Pose in the world is [[ -3.57083615]
 [-58.54222742]
 [252.96921084]]

13/10/2020 18:33:15 
Pose in the world is [[131.15816365]
 [-56.2940021 ]
 [255.04339715]]

13/10/2020 18:33:16 
Pose in the world is [[  3.95613934]
 [-62.92031149]
 [242.10512766]]

